<?xml version="1.0" encoding="UTF-8"?>
<!-- Generated by org.testng.reporters.JUnitReportReporter -->
<testsuite skipped="0" hostname="DESKTOP-GJ9SRJ9" name="com.automation.index.RentCount_PackageIndex" tests="1" failures="0" timestamp="15 May 2019 12:13:37 GMT" time="102.664" errors="0">
  <testcase name="yahoomail_login" time="102.664" classname="com.automation.index.RentCount_PackageIndex"/>
</testsuite> <!-- com.automation.index.RentCount_PackageIndex -->
