<?xml version="1.0" encoding="UTF-8"?>
<!-- Generated by org.testng.reporters.JUnitReportReporter -->
<testsuite skipped="2" hostname="DESKTOP-GJ9SRJ9" name="com.automation.index.RentCount_PackageIndex" tests="3" failures="0" timestamp="23 May 2019 12:08:24 GMT" time="91.103" errors="0">
  <testcase name="yahoomail_login" time="91.103" classname="com.automation.index.RentCount_PackageIndex"/>
  <testcase name="Practice_Automation_Form" classname="com.automation.index.RentCount_PackageIndex">
    <skipped/>
  </testcase> <!-- Practice_Automation_Form -->
  <testcase name="Practice_Automation_Form" classname="com.automation.index.RentCount_PackageIndex">
    <skipped/>
  </testcase> <!-- Practice_Automation_Form -->
</testsuite> <!-- com.automation.index.RentCount_PackageIndex -->
