<?xml version="1.0" encoding="UTF-8"?>
<!-- Generated by org.testng.reporters.JUnitReportReporter -->
<testsuite skipped="0" hostname="DESKTOP-GJ9SRJ9" name="com.automation.index.RentCount_PackageIndex" tests="1" failures="0" timestamp="22 May 2019 12:47:11 GMT" time="57.806" errors="0">
  <testcase name="Practice_Automation_Form" time="57.806" classname="com.automation.index.RentCount_PackageIndex"/>
</testsuite> <!-- com.automation.index.RentCount_PackageIndex -->
