<?xml version="1.0" encoding="UTF-8"?>
<!-- Generated by org.testng.reporters.JUnitReportReporter -->
<testsuite skipped="0" hostname="DESKTOP-GJ9SRJ9" name="com.automation.index.RentCount_PackageIndex" tests="1" failures="0" timestamp="14 May 2019 16:05:34 GMT" time="153.990" errors="0">
  <testcase name="yahoomail_login" time="153.990" classname="com.automation.index.RentCount_PackageIndex"/>
</testsuite> <!-- com.automation.index.RentCount_PackageIndex -->
